2026-04-03 13:27:53.305: [INFO] VisibilityChanged: 0
2026-04-03 13:27:53.458: [INFO] RecordSyncInitDuration has_sync_been_enabled: 0 state: 0
2026-04-03 13:27:53.459: [INFO] RecordSyncInitDuration has_sync_been_enabled: 0 state: 0
2026-04-03 13:27:53.460: [INFO] RecordSyncInitDuration has_sync_been_enabled: 0 state: 0
2026-04-03 13:27:53.461: [INFO] RecordSyncInitDuration has_sync_been_enabled: 0 state: 0
2026-04-03 13:27:53.461: [INFO] RecordSyncInitDuration has_sync_been_enabled: 0 state: 0
2026-04-03 13:27:53.462: [INFO] RecordSyncInitDuration has_sync_been_enabled: 0 state: 0
2026-04-03 13:27:53.463: [INFO] RecordSyncInitDuration has_sync_been_enabled: 0 state: 0
2026-04-03 13:27:53.464: [INFO] RecordSyncInitDuration has_sync_been_enabled: 0 state: 0
2026-04-03 13:27:53.465: [INFO] RecordSyncInitDuration has_sync_been_enabled: 0 state: 0
2026-04-03 13:27:53.467: [INFO] RecordSyncInitDuration has_sync_been_enabled: 0 state: 0
2026-04-03 13:27:53.468: [INFO] RecordSyncInitDuration has_sync_been_enabled: 0 state: 0
2026-04-03 13:27:53.469: [INFO] RecordSyncInitDuration has_sync_been_enabled: 0 state: 0
2026-04-03 13:27:53.514: [INFO] BookmarkNodeAdded, ABU: 0
2026-04-03 13:27:53.515: [INFO] BookmarkNodeAdded, ABU: 0
2026-04-03 13:27:53.516: [INFO] BookmarkNodeAdded, ABU: 0
2026-04-03 13:27:53.517: [INFO] BookmarkNodeAdded, ABU: 0
2026-04-03 13:27:53.517: [INFO] BookmarkModelLoaded, ids_reassigned: 0
2026-04-03 13:27:53.517: [INFO] OnDoneLoading sync enabled: 0
2026-04-03 13:27:53.542: [INFO] RecordSyncInitDuration has_sync_been_enabled: 0 state: 0
2026-04-03 13:27:54.694: [INFO] RecordSyncInitDuration has_sync_been_enabled: 0 state: 3
2026-04-03 13:27:54.717: [INFO] Primary account changed.
2026-04-03 13:27:54.717: [INFO] OnPrimaryAccountChanged PrimaryAccountChangeEvent::Type::kSet
2026-04-03 13:27:54.730: [INFO] RecordSyncInitDuration has_sync_been_enabled: 0 state: 3
2026-04-03 13:27:54.781: [INFO] RecordSyncInitDuration has_sync_been_enabled: 0 state: 3
2026-04-03 13:28:00.430: [INFO] BookmarkNodeAdded, ABU: 0
2026-04-03 13:28:00.431: [INFO] BookmarkNodeAdded, ABU: 0
2026-04-03 13:28:00.433: [INFO] BookmarkNodeAdded, ABU: 0
2026-04-03 13:28:01.882: [INFO] BookmarkNodeAdded, ABU: 0
2026-04-03 13:28:01.883: [INFO] BookmarkNodeAdded, ABU: 0
2026-04-03 13:28:01.884: [INFO] BookmarkNodeMoved
2026-04-03 13:28:01.884: [INFO] BookmarkNodeAdded, ABU: 0
2026-04-03 13:28:01.885: [INFO] Remove, DeletionOrigin: 19
2026-04-03 13:28:01.888: [INFO] BookmarkNodeRemoved, Url: 1, IsFolder: 0, IsWorkspace: 0
2026-04-03 13:28:01.889: [INFO] BookmarkNodeAdded, ABU: 0
2026-04-03 13:28:01.890: [INFO] BookmarkNodeAdded, ABU: 0
2026-04-03 13:28:01.891: [INFO] BookmarkNodeAdded, ABU: 0
2026-04-03 13:28:01.891: [INFO] BookmarkNodeAdded, ABU: 0
2026-04-03 13:28:01.892: [INFO] BookmarkNodeAdded, ABU: 0
2026-04-03 13:28:01.893: [INFO] BookmarkNodeAdded, ABU: 0
2026-04-03 13:28:01.893: [INFO] BookmarkNodeAdded, ABU: 0
2026-04-03 13:28:01.893: [INFO] BookmarkNodeMoved
2026-04-03 13:28:01.893: [INFO] Remove, DeletionOrigin: 19
2026-04-03 13:28:01.893: [INFO] BookmarkNodeRemoved, Url: 0, IsFolder: 1, IsWorkspace: 0
2026-04-03 13:28:01.894: [INFO] BookmarkNodeAdded, ABU: 0
2026-04-03 13:28:01.894: [INFO] Remove, DeletionOrigin: 19
2026-04-03 13:28:01.894: [INFO] BookmarkNodeRemoved, Url: 1, IsFolder: 0, IsWorkspace: 0
2026-04-03 13:28:02.170: [INFO] Sync initialization duration: 6725ms
