{"logTime": "0403/132759", "correlationVector":"ku2HNlgCuETMwtFyy4UCO8.1","action":"SyncServerConnectionManagerRequest", "result":"SYNC_SERVER_OK", "context":{"environment":"Prod_germanywestcentral_prod-s01-011-eur-germanywestcentral", "migrationStage":"NotStarted", "server":"akswtt00300000j"}}
{"logTime": "0403/132759", "correlationVector":"ku2HNlgCuETMwtFyy4UCO8.2","action":"ProcessGetUpdates", "result":"Done", "context":{"dataType":"Encryption Keys", "deleted":"0", "process_failed_to_decrypt":"0", "process_pending_decryption":"0", "process_success":"1", "total":"1"}}
{"logTime": "0403/132801", "correlationVector":"waRd6L+8OB5ptGpfHfMUOM","action":"SyncServerConnectionManagerRequest", "result":"SYNC_SERVER_OK", "context":{"environment":"", "migrationStage":"", "server":""}}
{"logTime": "0403/132801", "correlationVector":"waRd6L+8OB5ptGpfHfMUOM.0","action":"EncryptionKeysFetcher.DownloadKeys:", "result":"Success", "context":Key count: 9, Last key timestamp: 2025-10-06T04:08:30Z}
{"logTime": "0403/132801", "correlationVector":"waRd6L+8OB5ptGpfHfMUOM.1","action":"EncryptionKeysManager::SetEncryptionKeys:", "result":"Success", "context":Key names[9]:[1UV0uFPdZ67sqxcreXysqJo/PI5dDfqbpHBh/sZmLSu9fj8nVFxNaBhE87L8t2165M/9F0TlzFGof8Vu1cBktw==][xLAeOYMaG2UhGUuihmdUvIAs8BLAz/+F56n5QzRdiwexYICzDik/EFowelStSvp8kZENbtbMD9MLO7pO5BP8Eg==][ww9sRTMvbaBsRD0M18t21hZFnSML4hp5HLIaNXvyH/5zhpCOm0awaRsXOi9HV+WEaa8SngLUCtGFcao9QAivyg==][rruKr+js3jawKYSK3AUfii3EnrPKnU2Z1gyCFVpZLq0byqnUKmUPPBZb3jLf6SKBgFCwRsWj8u8lQvDt5yjcWg==][knUTJccDr6QVyGG+ec98LiY14FBWlMAPjXyuhQAiBoD84sxQcZ3hHdD33mYyIS4mDngQ+PwOdEfJUmzLNgK2Hw==][Y7kPz/UivGlZFni8JNn4hUCWUY74TMBo3dTXtqoZ5efM4NDp4C1h5JTsPDhaQwtqMnwTv7iyLBvCna6+jo9itw==][c0yU1umgLjJgw5CRBQ0Hm1WjSorO794L8lw9wgi3syWONaHrqm3LfYXmmyKuOynhbM8TLg+m6Jf8FVKqkMvuKQ==][1L3Ium0+snLKX5c0jWXXllLbUk76J8WeCvfEz6eUqLTjXkZnWZwbLMBRzCPpkCx9l6rGnM5jqsKguiHecfr9IA==][GlHsmkdUE3lFHaed+qdZyvdySuqgyNz2vmadtqLcl7eqJieO/HgWG5ujawhksekn545lcEPLdh2veDeuIyl91w==]}
{"logTime": "0403/132801", "correlationVector":"waRd6L+8OB5ptGpfHfMUOM.2","action":"EncryptionKeysManager::SetEncryptionKeysWithTimestamps:", "result":"Success", "context":Key timestamps[9]:[2020-12-16T17:40:20Z][2022-02-09T17:14:18Z][2022-08-13T19:13:02Z][2023-02-11T05:15:46Z][2023-08-10T18:26:45Z][2024-02-08T18:30:16Z][2024-09-25T19:39:47Z][2025-03-26T09:28:14Z][2025-10-06T04:08:30Z]}
{"logTime": "0403/132801", "correlationVector":"ku2HNlgCuETMwtFyy4UCO8","action":"Initial GetUpdates", "result":"", "context":Reason: NEW_CLIENT. cV=ku2HNlgCuETMwtFyy4UCO8}
{"logTime": "0403/132801", "correlationVector":"ku2HNlgCuETMwtFyy4UCO8.3","action":"GetUpdates Response", "result":"Success", "context":Received 1 update(s). cV=ku2HNlgCuETMwtFyy4UCO8.0;server=akswtt00300000j;cloudType=Consumer;environment=Prod_germanywestcentral_prod-s01-011-eur-germanywestcentral;migrationStage=NotStarted}
{"logTime": "0403/132801", "correlationVector":"ExqFNFwEM5ClRiULxhOomx","action":"Initial GetUpdates", "result":"", "context":Reason: NEWLY_SUPPORTED_DATATYPE. cV=ExqFNFwEM5ClRiULxhOomx}
{"logTime": "0403/132801", "correlationVector":"ExqFNFwEM5ClRiULxhOomx.1","action":"SyncServerConnectionManagerRequest", "result":"SYNC_SERVER_OK", "context":{"environment":"Prod_germanywestcentral_prod-s01-011-eur-germanywestcentral", "migrationStage":"NotStarted", "server":"akswtt00300000b"}}
{"logTime": "0403/132801", "correlationVector":"ExqFNFwEM5ClRiULxhOomx.2","action":"ProcessGetUpdates", "result":"Done", "context":{"dataType":"Preferences", "deleted":"2", "process_failed_to_decrypt":"0", "process_pending_decryption":"0", "process_success":"81", "total":"81"}}
{"logTime": "0403/132801", "correlationVector":"ExqFNFwEM5ClRiULxhOomx.3","action":"ProcessGetUpdates", "result":"Done", "context":{"dataType":"Passwords", "deleted":"0", "process_failed_to_decrypt":"0", "process_pending_decryption":"0", "process_success":"6", "total":"6"}}
{"logTime": "0403/132801", "correlationVector":"ExqFNFwEM5ClRiULxhOomx.4","action":"ProcessGetUpdates", "result":"Done", "context":{"dataType":"Device Info", "deleted":"0", "process_failed_to_decrypt":"0", "process_pending_decryption":"0", "process_success":"10", "total":"10"}}
{"logTime": "0403/132801", "correlationVector":"ExqFNFwEM5ClRiULxhOomx.5","action":"GetUpdates Response", "result":"Success", "context":Received 97 update(s). cV=ExqFNFwEM5ClRiULxhOomx.0;server=akswtt00300000b;cloudType=Consumer;environment=Prod_germanywestcentral_prod-s01-011-eur-germanywestcentral;migrationStage=NotStarted}
{"logTime": "0403/132801", "correlationVector":"/5y8vn1cfCD7Wd7kN2uT7L","action":"Initial GetUpdates", "result":"", "context":Reason: NEWLY_SUPPORTED_DATATYPE. cV=/5y8vn1cfCD7Wd7kN2uT7L}
{"logTime": "0403/132801", "correlationVector":"/5y8vn1cfCD7Wd7kN2uT7L.1","action":"SyncServerConnectionManagerRequest", "result":"SYNC_SERVER_OK", "context":{"environment":"Prod_germanywestcentral_prod-s01-011-eur-germanywestcentral", "migrationStage":"NotStarted", "server":"akswtt00300000i"}}
{"logTime": "0403/132801", "correlationVector":"/5y8vn1cfCD7Wd7kN2uT7L.2","action":"ProcessGetUpdates", "result":"Done", "context":{"dataType":"Bookmarks", "deleted":"0", "process_failed_to_decrypt":"0", "process_pending_decryption":"0", "process_success":"17", "total":"17"}}
{"logTime": "0403/132801", "correlationVector":"/5y8vn1cfCD7Wd7kN2uT7L.3","action":"GetUpdates Response", "result":"Success", "context":Received 17 update(s). cV=/5y8vn1cfCD7Wd7kN2uT7L.0;server=akswtt00300000i;cloudType=Consumer;environment=Prod_germanywestcentral_prod-s01-011-eur-germanywestcentral;migrationStage=NotStarted}
{"logTime": "0403/132801", "correlationVector":"m+bzPaBWnkgt9ajm2cgio8","action":"Initial GetUpdates", "result":"", "context":Reason: NEWLY_SUPPORTED_DATATYPE. cV=m+bzPaBWnkgt9ajm2cgio8}
{"logTime": "0403/132802", "correlationVector":"m+bzPaBWnkgt9ajm2cgio8.1","action":"SyncServerConnectionManagerRequest", "result":"SYNC_SERVER_OK", "context":{"environment":"Prod_germanywestcentral_prod-s01-011-eur-germanywestcentral", "migrationStage":"NotStarted", "server":"akswtt00300000b"}}
{"logTime": "0403/132802", "correlationVector":"m+bzPaBWnkgt9ajm2cgio8.2","action":"ProcessGetUpdates", "result":"Done", "context":{"dataType":"Autofill", "deleted":"0", "process_failed_to_decrypt":"0", "process_pending_decryption":"0", "process_success":"17", "total":"17"}}
{"logTime": "0403/132802", "correlationVector":"m+bzPaBWnkgt9ajm2cgio8.3","action":"ProcessGetUpdates", "result":"Done", "context":{"dataType":"Extensions", "deleted":"0", "process_failed_to_decrypt":"0", "process_pending_decryption":"0", "process_success":"1", "total":"1"}}
{"logTime": "0403/132802", "correlationVector":"m+bzPaBWnkgt9ajm2cgio8.4","action":"ProcessGetUpdates", "result":"Done", "context":{"dataType":"Sessions", "deleted":"4", "process_failed_to_decrypt":"0", "process_pending_decryption":"0", "process_success":"25", "total":"25"}}
{"logTime": "0403/132802", "correlationVector":"m+bzPaBWnkgt9ajm2cgio8.5","action":"GetUpdates Response", "result":"Success", "context":Received 43 update(s). cV=m+bzPaBWnkgt9ajm2cgio8.0;server=akswtt00300000b;cloudType=Consumer;environment=Prod_germanywestcentral_prod-s01-011-eur-germanywestcentral;migrationStage=NotStarted}
{"logTime": "0403/132802", "correlationVector":"7tqAEJHyQvupRUhwapD+9Q","action":"Initial GetUpdates", "result":"", "context":Reason: NEWLY_SUPPORTED_DATATYPE. cV=7tqAEJHyQvupRUhwapD+9Q}
{"logTime": "0403/132802", "correlationVector":"7tqAEJHyQvupRUhwapD+9Q.1","action":"SyncServerConnectionManagerRequest", "result":"SYNC_SERVER_OK", "context":{"environment":"Prod_germanywestcentral_prod-s01-011-eur-germanywestcentral", "migrationStage":"NotStarted", "server":"akswtt00300000a"}}
{"logTime": "0403/132802", "correlationVector":"7tqAEJHyQvupRUhwapD+9Q.2","action":"ProcessGetUpdates", "result":"Done", "context":{"dataType":"History", "deleted":"0", "process_failed_to_decrypt":"0", "process_pending_decryption":"0", "process_success":"58", "total":"58"}}
{"logTime": "0403/132802", "correlationVector":"7tqAEJHyQvupRUhwapD+9Q.3","action":"GetUpdates Response", "result":"Success", "context":Received 58 update(s). cV=7tqAEJHyQvupRUhwapD+9Q.0;server=akswtt00300000a;cloudType=Consumer;environment=Prod_germanywestcentral_prod-s01-011-eur-germanywestcentral;migrationStage=NotStarted}
{"logTime": "0403/132802", "correlationVector":"qP3PwiB/rdhSnij0Qpy53w","action":"Normal GetUpdate request", "result":"", "context":cV=qP3PwiB/rdhSnij0Qpy53w
Nudged types: Sessions, Device Info, User Consents
Refresh requested types: Bookmarks, Preferences, Passwords, Autofill Profiles, Autofill, Extensions, Sessions, Extension settings, History Delete Directives, Device Info, User Consents, Send Tab To Self, Web Apps, History, Saved Tab Group, WebAuthn Credentials, Collection, Edge E Drop, Edge Hub App Usage, Edge Wallet, Edge Workspace, Encryption Keys}
{"logTime": "0403/132802", "correlationVector":"qP3PwiB/rdhSnij0Qpy53w.1","action":"SyncServerConnectionManagerRequest", "result":"SYNC_SERVER_OK", "context":{"environment":"Prod_germanywestcentral_prod-s01-011-eur-germanywestcentral", "migrationStage":"NotStarted", "server":"akswtt00300000h"}}
{"logTime": "0403/132802", "correlationVector":"qP3PwiB/rdhSnij0Qpy53w.2","action":"GetUpdates Response", "result":"Success", "context":Received 0 update(s). cV=qP3PwiB/rdhSnij0Qpy53w.0;server=akswtt00300000h;cloudType=Consumer;environment=Prod_germanywestcentral_prod-s01-011-eur-germanywestcentral;migrationStage=NotStarted}
{"logTime": "0403/132802", "correlationVector":"5VAxDCNwEMKO1/Yyv2U8nP","action":"DoCompareDataConsistency requsted types: ", "result":"Bookmarks, Preferences, Passwords, Extensions, Extension settings, History Delete Directives, Send Tab To Self, Web Apps, History, Saved Tab Group, WebAuthn Credentials, Collection, Edge E Drop, Edge Wallet, Edge Workspace, Encryption Keys"}
{"logTime": "0403/132802", "correlationVector":"5VAxDCNwEMKO1/Yyv2U8nP.0","action":"CompareDataConsistency result: ", "result":"Compare result: Encryption Keys is consistent. local entities count is: 1 local entities hash is: cO2TAqa7ycQWK0F7QzXSKWnQwE4="}
{"logTime": "0403/132802", "correlationVector":"5VAxDCNwEMKO1/Yyv2U8nP.1","action":"CompareDataConsistency result: ", "result":"Compare result: Bookmarks is consistent. local entities count is: 11 local entities hash is: 6AWsaEZxkiWTKYkNOklknjNWFVM="}
{"logTime": "0403/132802", "correlationVector":"5VAxDCNwEMKO1/Yyv2U8nP.2","action":"CompareDataConsistency result: ", "result":"Compare result: Preferences is consistent. local entities count is: 79 local entities hash is: Cj97jtJuqaBZkGfy9AeUzDPVEeg="}
{"logTime": "0403/132802", "correlationVector":"5VAxDCNwEMKO1/Yyv2U8nP.3","action":"CompareDataConsistency result: ", "result":"Compare result: Extensions is consistent. local entities count is: 1 local entities hash is: qRYxg6LF7/8xv2nHISYXbuIK9ng="}
{"logTime": "0403/132802", "correlationVector":"5VAxDCNwEMKO1/Yyv2U8nP.4","action":"CompareDataConsistency result: ", "result":"Compare result: Extension settings is consistent. local entities count is: 0 local entities hash is: "}
{"logTime": "0403/132802", "correlationVector":"5VAxDCNwEMKO1/Yyv2U8nP.5","action":"CompareDataConsistency result: ", "result":"Compare result: History Delete Directives is consistent. local entities count is: 0 local entities hash is: "}
{"logTime": "0403/132802", "correlationVector":"5VAxDCNwEMKO1/Yyv2U8nP.6","action":"CompareDataConsistency result: ", "result":"Server did not send this Send Tab To Self local entities count is: 0 local entities hash is: "}
{"logTime": "0403/132802", "correlationVector":"5VAxDCNwEMKO1/Yyv2U8nP.7","action":"CompareDataConsistency result: ", "result":"Compare result: Web Apps is consistent. local entities count is: 0 local entities hash is: "}
{"logTime": "0403/132802", "correlationVector":"5VAxDCNwEMKO1/Yyv2U8nP.8","action":"CompareDataConsistency result: ", "result":"Server did not send this History local entities count is: 0 local entities hash is: "}
{"logTime": "0403/132802", "correlationVector":"5VAxDCNwEMKO1/Yyv2U8nP.9","action":"CompareDataConsistency result: ", "result":"Compare result: Saved Tab Group is consistent. local entities count is: 0 local entities hash is: "}
{"logTime": "0403/132802", "correlationVector":"5VAxDCNwEMKO1/Yyv2U8nP.10","action":"CompareDataConsistency result: ", "result":"Server did not send this WebAuthn Credentials local entities count is: 0 local entities hash is: "}
{"logTime": "0403/132802", "correlationVector":"5VAxDCNwEMKO1/Yyv2U8nP.11","action":"CompareDataConsistency result: ", "result":"Compare result: Collection is consistent. local entities count is: 0 local entities hash is: "}
{"logTime": "0403/132802", "correlationVector":"5VAxDCNwEMKO1/Yyv2U8nP.12","action":"CompareDataConsistency result: ", "result":"Compare result: Edge E Drop is consistent. local entities count is: 0 local entities hash is: "}
{"logTime": "0403/132802", "correlationVector":"5VAxDCNwEMKO1/Yyv2U8nP.13","action":"CompareDataConsistency result: ", "result":"Compare result: Edge Wallet is consistent. local entities count is: 0 local entities hash is: "}
{"logTime": "0403/132802", "correlationVector":"5VAxDCNwEMKO1/Yyv2U8nP.14","action":"CompareDataConsistency result: ", "result":"Server did not send this Edge Workspace local entities count is: 0 local entities hash is: "}
{"logTime": "0403/132802", "correlationVector":"5VAxDCNwEMKO1/Yyv2U8nP.15","action":"CompareDataConsistency result: ", "result":"Compare result: Passwords is consistent. local entities count is: 6 local entities hash is: OFNopwYNeBYs0oiiMgovxBCFy1w="}
{"logTime": "0403/132802", "correlationVector":"1DH2B8dmYOVHQZfRE0iaPp","action":"Commit Request", "result":"", "context":Item count: 4
Contributing types: Sessions, Device Info, User Consents}
{"logTime": "0403/132803", "correlationVector":"1DH2B8dmYOVHQZfRE0iaPp.1","action":"SyncServerConnectionManagerRequest", "result":"SYNC_SERVER_OK", "context":{"environment":"Prod_germanywestcentral_prod-s01-011-eur-germanywestcentral", "migrationStage":"NotStarted", "server":"akswtt003000001"}}
{"logTime": "0403/132803", "correlationVector":"1DH2B8dmYOVHQZfRE0iaPp.2","action":"Commit Response", "result":"Success", "context":Result: Success. cV=1DH2B8dmYOVHQZfRE0iaPp.0;server=akswtt003000001;cloudType=Consumer;environment=Prod_germanywestcentral_prod-s01-011-eur-germanywestcentral;migrationStage=NotStarted}
{"logTime": "0403/132803", "correlationVector":"","action":"DIAGNOSTIC_REQUEST|v1/diagnosticData/Diagnostic.SendCheckResult()|SUCCESS", "result":""}
{"logTime": "0403/132805", "correlationVector":"k6qFxrCf+hg01lPLLznCvN","action":"Commit Request", "result":"", "context":Item count: 3
Contributing types: Preferences, Passwords}
{"logTime": "0403/132805", "correlationVector":"k6qFxrCf+hg01lPLLznCvN.1","action":"SyncServerConnectionManagerRequest", "result":"SYNC_SERVER_OK", "context":{"environment":"Prod_germanywestcentral_prod-s01-011-eur-germanywestcentral", "migrationStage":"NotStarted", "server":"akswtt00300000i"}}
{"logTime": "0403/132805", "correlationVector":"k6qFxrCf+hg01lPLLznCvN.2","action":"Commit Response", "result":"Success", "context":Result: Success. cV=k6qFxrCf+hg01lPLLznCvN.0;server=akswtt00300000i;cloudType=Consumer;environment=Prod_germanywestcentral_prod-s01-011-eur-germanywestcentral;migrationStage=NotStarted}
{"logTime": "0403/132808", "correlationVector":"iAblXaisvKt8Egjk5kDHXm","action":"Commit Request", "result":"", "context":Item count: 1
Contributing types: Edge Hub App Usage}
{"logTime": "0403/132808", "correlationVector":"iAblXaisvKt8Egjk5kDHXm.1","action":"SyncServerConnectionManagerRequest", "result":"SYNC_SERVER_OK", "context":{"environment":"Prod_germanywestcentral_prod-s01-011-eur-germanywestcentral", "migrationStage":"NotStarted", "server":"akswtt003000002"}}
{"logTime": "0403/132808", "correlationVector":"iAblXaisvKt8Egjk5kDHXm.2","action":"Commit Response", "result":"Success", "context":Result: Success. cV=iAblXaisvKt8Egjk5kDHXm.0;server=akswtt003000002;cloudType=Consumer;environment=Prod_germanywestcentral_prod-s01-011-eur-germanywestcentral;migrationStage=NotStarted}
{"logTime": "0403/132852", "correlationVector":"IYFbiDPmltEl7Mx7lua5bi","action":"Commit Request", "result":"", "context":Item count: 4
Contributing types: Passwords, Sessions, History}
{"logTime": "0403/132853", "correlationVector":"IYFbiDPmltEl7Mx7lua5bi.1","action":"SyncServerConnectionManagerRequest", "result":"SYNC_SERVER_OK", "context":{"environment":"Prod_francecentral_prod-s01-062-eur-francecentral", "migrationStage":"NotStarted", "server":"akswtt113000002"}}
{"logTime": "0403/132853", "correlationVector":"IYFbiDPmltEl7Mx7lua5bi.2","action":"Commit Response", "result":"Success", "context":Result: Success. cV=IYFbiDPmltEl7Mx7lua5bi.0;server=akswtt113000002;cloudType=Consumer;environment=Prod_francecentral_prod-s01-062-eur-francecentral;migrationStage=NotStarted}
{"logTime": "0403/133102", "correlationVector":"F9d5OiEKDNi4+HdQtoVm6w","action":"Commit Request", "result":"", "context":Item count: 1
Contributing types: User Consents}
{"logTime": "0403/133103", "correlationVector":"F9d5OiEKDNi4+HdQtoVm6w.1","action":"SyncServerConnectionManagerRequest", "result":"SYNC_SERVER_OK", "context":{"environment":"Prod_francecentral_prod-s01-062-eur-francecentral", "migrationStage":"NotStarted", "server":"akswtt113000015"}}
{"logTime": "0403/133103", "correlationVector":"F9d5OiEKDNi4+HdQtoVm6w.2","action":"Commit Response", "result":"Success", "context":Result: Success. cV=F9d5OiEKDNi4+HdQtoVm6w.0;server=akswtt113000015;cloudType=Consumer;environment=Prod_francecentral_prod-s01-062-eur-francecentral;migrationStage=NotStarted}
{"logTime": "0403/133602", "correlationVector":"S8Bx3y4Z+UyDq/oiRyddiY","action":"Commit Request", "result":"", "context":Item count: 5
Contributing types: Sessions, History}
{"logTime": "0403/133603", "correlationVector":"S8Bx3y4Z+UyDq/oiRyddiY.1","action":"SyncServerConnectionManagerRequest", "result":"SYNC_SERVER_OK", "context":{"environment":"Prod_francecentral_prod-s01-062-eur-francecentral", "migrationStage":"NotStarted", "server":"akswtt113000016"}}
{"logTime": "0403/133603", "correlationVector":"S8Bx3y4Z+UyDq/oiRyddiY.2","action":"Commit Response", "result":"Success", "context":Result: Success. cV=S8Bx3y4Z+UyDq/oiRyddiY.0;server=akswtt113000016;cloudType=Consumer;environment=Prod_francecentral_prod-s01-062-eur-francecentral;migrationStage=NotStarted}
