2026-04-03 10:57:54.065: [INFO] VisibilityChanged: 0
2026-04-03 10:57:54.126: [INFO] RecordSyncInitDuration has_sync_been_enabled: 0 state: 0
2026-04-03 10:57:54.127: [INFO] RecordSyncInitDuration has_sync_been_enabled: 0 state: 0
2026-04-03 10:57:54.128: [INFO] RecordSyncInitDuration has_sync_been_enabled: 0 state: 0
2026-04-03 10:57:54.130: [INFO] RecordSyncInitDuration has_sync_been_enabled: 0 state: 0
2026-04-03 10:57:54.131: [INFO] RecordSyncInitDuration has_sync_been_enabled: 0 state: 0
2026-04-03 10:57:54.133: [INFO] RecordSyncInitDuration has_sync_been_enabled: 0 state: 0
2026-04-03 10:57:54.134: [INFO] RecordSyncInitDuration has_sync_been_enabled: 0 state: 0
2026-04-03 10:57:54.135: [INFO] RecordSyncInitDuration has_sync_been_enabled: 0 state: 0
2026-04-03 10:57:54.136: [INFO] RecordSyncInitDuration has_sync_been_enabled: 0 state: 0
2026-04-03 10:57:54.137: [INFO] RecordSyncInitDuration has_sync_been_enabled: 0 state: 0
2026-04-03 10:57:54.138: [INFO] RecordSyncInitDuration has_sync_been_enabled: 0 state: 0
2026-04-03 10:57:54.139: [INFO] RecordSyncInitDuration has_sync_been_enabled: 0 state: 0
2026-04-03 10:57:54.171: [INFO] BookmarkNodeAdded, ABU: 0
2026-04-03 10:57:54.172: [INFO] BookmarkNodeAdded, ABU: 0
2026-04-03 10:57:54.173: [INFO] BookmarkNodeAdded, ABU: 0
2026-04-03 10:57:54.174: [INFO] BookmarkNodeAdded, ABU: 0
2026-04-03 10:57:54.174: [INFO] BookmarkModelLoaded, ids_reassigned: 0
2026-04-03 10:57:54.174: [INFO] OnDoneLoading sync enabled: 0
2026-04-03 10:57:54.261: [INFO] RecordSyncInitDuration has_sync_been_enabled: 0 state: 0
2026-04-03 10:57:57.496: [INFO] RecordSyncInitDuration has_sync_been_enabled: 0 state: 3
2026-04-03 10:57:57.513: [INFO] Primary account changed.
2026-04-03 10:57:57.513: [INFO] OnPrimaryAccountChanged PrimaryAccountChangeEvent::Type::kSet
2026-04-03 10:57:57.521: [INFO] RecordSyncInitDuration has_sync_been_enabled: 0 state: 3
2026-04-03 10:57:57.557: [INFO] RecordSyncInitDuration has_sync_been_enabled: 0 state: 3
2026-04-03 10:58:00.074: [INFO] BookmarkNodeAdded, ABU: 0
2026-04-03 10:58:00.076: [INFO] BookmarkNodeAdded, ABU: 0
2026-04-03 10:58:00.079: [INFO] BookmarkNodeAdded, ABU: 0
2026-04-03 10:58:05.085: [INFO] BookmarkNodeAdded, ABU: 0
2026-04-03 10:58:05.086: [INFO] BookmarkNodeAdded, ABU: 0
2026-04-03 10:58:05.086: [INFO] BookmarkNodeMoved
2026-04-03 10:58:05.087: [INFO] BookmarkNodeAdded, ABU: 0
2026-04-03 10:58:05.087: [INFO] Remove, DeletionOrigin: 19
2026-04-03 10:58:05.088: [INFO] BookmarkNodeRemoved, Url: 1, IsFolder: 0, IsWorkspace: 0
2026-04-03 10:58:05.089: [INFO] BookmarkNodeAdded, ABU: 0
2026-04-03 10:58:05.091: [INFO] BookmarkNodeAdded, ABU: 0
2026-04-03 10:58:05.092: [INFO] BookmarkNodeAdded, ABU: 0
2026-04-03 10:58:05.093: [INFO] BookmarkNodeAdded, ABU: 0
2026-04-03 10:58:05.094: [INFO] BookmarkNodeAdded, ABU: 0
2026-04-03 10:58:05.095: [INFO] BookmarkNodeAdded, ABU: 0
2026-04-03 10:58:05.095: [INFO] BookmarkNodeAdded, ABU: 0
2026-04-03 10:58:05.095: [INFO] BookmarkNodeMoved
2026-04-03 10:58:05.095: [INFO] Remove, DeletionOrigin: 19
2026-04-03 10:58:05.095: [INFO] BookmarkNodeRemoved, Url: 0, IsFolder: 1, IsWorkspace: 0
2026-04-03 10:58:05.097: [INFO] BookmarkNodeAdded, ABU: 0
2026-04-03 10:58:05.097: [INFO] Remove, DeletionOrigin: 19
2026-04-03 10:58:05.097: [INFO] BookmarkNodeRemoved, Url: 1, IsFolder: 0, IsWorkspace: 0
2026-04-03 10:58:05.347: [INFO] Sync initialization duration: 7204ms
