{"logTime": "0403/105801", "correlationVector":"jiHeTHNJO1Gsa3E899xePG.1","action":"SyncServerConnectionManagerRequest", "result":"SYNC_SERVER_OK", "context":{"environment":"Prod_francecentral_prod-s01-062-eur-francecentral", "migrationStage":"NotStarted", "server":"akswtt11300000v"}}
{"logTime": "0403/105801", "correlationVector":"jiHeTHNJO1Gsa3E899xePG.2","action":"ProcessGetUpdates", "result":"Done", "context":{"dataType":"Encryption Keys", "deleted":"0", "process_failed_to_decrypt":"0", "process_pending_decryption":"0", "process_success":"1", "total":"1"}}
{"logTime": "0403/105803", "correlationVector":"DgePGBY+4JLXVLLZySk2zl","action":"SyncServerConnectionManagerRequest", "result":"SYNC_SERVER_OK", "context":{"environment":"", "migrationStage":"", "server":""}}
{"logTime": "0403/105803", "correlationVector":"DgePGBY+4JLXVLLZySk2zl.0","action":"EncryptionKeysFetcher.DownloadKeys:", "result":"Success", "context":Key count: 9, Last key timestamp: 2025-10-06T04:08:30Z}
{"logTime": "0403/105803", "correlationVector":"DgePGBY+4JLXVLLZySk2zl.1","action":"EncryptionKeysManager::SetEncryptionKeys:", "result":"Success", "context":Key names[9]:[1UV0uFPdZ67sqxcreXysqJo/PI5dDfqbpHBh/sZmLSu9fj8nVFxNaBhE87L8t2165M/9F0TlzFGof8Vu1cBktw==][xLAeOYMaG2UhGUuihmdUvIAs8BLAz/+F56n5QzRdiwexYICzDik/EFowelStSvp8kZENbtbMD9MLO7pO5BP8Eg==][ww9sRTMvbaBsRD0M18t21hZFnSML4hp5HLIaNXvyH/5zhpCOm0awaRsXOi9HV+WEaa8SngLUCtGFcao9QAivyg==][rruKr+js3jawKYSK3AUfii3EnrPKnU2Z1gyCFVpZLq0byqnUKmUPPBZb3jLf6SKBgFCwRsWj8u8lQvDt5yjcWg==][knUTJccDr6QVyGG+ec98LiY14FBWlMAPjXyuhQAiBoD84sxQcZ3hHdD33mYyIS4mDngQ+PwOdEfJUmzLNgK2Hw==][Y7kPz/UivGlZFni8JNn4hUCWUY74TMBo3dTXtqoZ5efM4NDp4C1h5JTsPDhaQwtqMnwTv7iyLBvCna6+jo9itw==][c0yU1umgLjJgw5CRBQ0Hm1WjSorO794L8lw9wgi3syWONaHrqm3LfYXmmyKuOynhbM8TLg+m6Jf8FVKqkMvuKQ==][1L3Ium0+snLKX5c0jWXXllLbUk76J8WeCvfEz6eUqLTjXkZnWZwbLMBRzCPpkCx9l6rGnM5jqsKguiHecfr9IA==][GlHsmkdUE3lFHaed+qdZyvdySuqgyNz2vmadtqLcl7eqJieO/HgWG5ujawhksekn545lcEPLdh2veDeuIyl91w==]}
{"logTime": "0403/105803", "correlationVector":"DgePGBY+4JLXVLLZySk2zl.2","action":"EncryptionKeysManager::SetEncryptionKeysWithTimestamps:", "result":"Success", "context":Key timestamps[9]:[2020-12-16T17:40:20Z][2022-02-09T17:14:18Z][2022-08-13T19:13:02Z][2023-02-11T05:15:46Z][2023-08-10T18:26:45Z][2024-02-08T18:30:16Z][2024-09-25T19:39:47Z][2025-03-26T09:28:14Z][2025-10-06T04:08:30Z]}
{"logTime": "0403/105803", "correlationVector":"jiHeTHNJO1Gsa3E899xePG","action":"Initial GetUpdates", "result":"", "context":Reason: NEW_CLIENT. cV=jiHeTHNJO1Gsa3E899xePG}
{"logTime": "0403/105803", "correlationVector":"jiHeTHNJO1Gsa3E899xePG.3","action":"GetUpdates Response", "result":"Success", "context":Received 1 update(s). cV=jiHeTHNJO1Gsa3E899xePG.0;server=akswtt11300000v;cloudType=Consumer;environment=Prod_francecentral_prod-s01-062-eur-francecentral;migrationStage=NotStarted}
{"logTime": "0403/105803", "correlationVector":"9s8HtLBIWLY5gs8brK2m17","action":"Initial GetUpdates", "result":"", "context":Reason: NEWLY_SUPPORTED_DATATYPE. cV=9s8HtLBIWLY5gs8brK2m17}
{"logTime": "0403/105804", "correlationVector":"9s8HtLBIWLY5gs8brK2m17.1","action":"SyncServerConnectionManagerRequest", "result":"SYNC_SERVER_OK", "context":{"environment":"Prod_francecentral_prod-s01-062-eur-francecentral", "migrationStage":"NotStarted", "server":"akswtt113000011"}}
{"logTime": "0403/105804", "correlationVector":"9s8HtLBIWLY5gs8brK2m17.2","action":"ProcessGetUpdates", "result":"Done", "context":{"dataType":"Preferences", "deleted":"2", "process_failed_to_decrypt":"0", "process_pending_decryption":"0", "process_success":"81", "total":"81"}}
{"logTime": "0403/105804", "correlationVector":"9s8HtLBIWLY5gs8brK2m17.3","action":"ProcessGetUpdates", "result":"Done", "context":{"dataType":"Passwords", "deleted":"0", "process_failed_to_decrypt":"0", "process_pending_decryption":"0", "process_success":"6", "total":"6"}}
{"logTime": "0403/105804", "correlationVector":"9s8HtLBIWLY5gs8brK2m17.4","action":"ProcessGetUpdates", "result":"Done", "context":{"dataType":"Device Info", "deleted":"0", "process_failed_to_decrypt":"0", "process_pending_decryption":"0", "process_success":"9", "total":"9"}}
{"logTime": "0403/105804", "correlationVector":"9s8HtLBIWLY5gs8brK2m17.5","action":"GetUpdates Response", "result":"Success", "context":Received 96 update(s). cV=9s8HtLBIWLY5gs8brK2m17.0;server=akswtt113000011;cloudType=Consumer;environment=Prod_francecentral_prod-s01-062-eur-francecentral;migrationStage=NotStarted}
{"logTime": "0403/105804", "correlationVector":"GAnPMBFUiRMSzBmZRuEWVa","action":"Initial GetUpdates", "result":"", "context":Reason: NEWLY_SUPPORTED_DATATYPE. cV=GAnPMBFUiRMSzBmZRuEWVa}
{"logTime": "0403/105805", "correlationVector":"GAnPMBFUiRMSzBmZRuEWVa.1","action":"SyncServerConnectionManagerRequest", "result":"SYNC_SERVER_OK", "context":{"environment":"Prod_francecentral_prod-s01-062-eur-francecentral", "migrationStage":"NotStarted", "server":"akswtt11300000y"}}
{"logTime": "0403/105805", "correlationVector":"GAnPMBFUiRMSzBmZRuEWVa.2","action":"ProcessGetUpdates", "result":"Done", "context":{"dataType":"Bookmarks", "deleted":"0", "process_failed_to_decrypt":"0", "process_pending_decryption":"0", "process_success":"17", "total":"17"}}
{"logTime": "0403/105805", "correlationVector":"GAnPMBFUiRMSzBmZRuEWVa.3","action":"GetUpdates Response", "result":"Success", "context":Received 17 update(s). cV=GAnPMBFUiRMSzBmZRuEWVa.0;server=akswtt11300000y;cloudType=Consumer;environment=Prod_francecentral_prod-s01-062-eur-francecentral;migrationStage=NotStarted}
{"logTime": "0403/105805", "correlationVector":"f3ND/5/JLSO6PQ/m/n3myN","action":"Initial GetUpdates", "result":"", "context":Reason: NEWLY_SUPPORTED_DATATYPE. cV=f3ND/5/JLSO6PQ/m/n3myN}
{"logTime": "0403/105805", "correlationVector":"f3ND/5/JLSO6PQ/m/n3myN.1","action":"SyncServerConnectionManagerRequest", "result":"SYNC_SERVER_OK", "context":{"environment":"Prod_francecentral_prod-s01-062-eur-francecentral", "migrationStage":"NotStarted", "server":"akswtt11300000i"}}
{"logTime": "0403/105805", "correlationVector":"f3ND/5/JLSO6PQ/m/n3myN.2","action":"ProcessGetUpdates", "result":"Done", "context":{"dataType":"Autofill", "deleted":"0", "process_failed_to_decrypt":"0", "process_pending_decryption":"0", "process_success":"17", "total":"17"}}
{"logTime": "0403/105805", "correlationVector":"f3ND/5/JLSO6PQ/m/n3myN.3","action":"ProcessGetUpdates", "result":"Done", "context":{"dataType":"Extensions", "deleted":"0", "process_failed_to_decrypt":"0", "process_pending_decryption":"0", "process_success":"1", "total":"1"}}
{"logTime": "0403/105805", "correlationVector":"f3ND/5/JLSO6PQ/m/n3myN.4","action":"ProcessGetUpdates", "result":"Done", "context":{"dataType":"Sessions", "deleted":"4", "process_failed_to_decrypt":"0", "process_pending_decryption":"0", "process_success":"23", "total":"23"}}
{"logTime": "0403/105805", "correlationVector":"f3ND/5/JLSO6PQ/m/n3myN.5","action":"GetUpdates Response", "result":"Success", "context":Received 41 update(s). cV=f3ND/5/JLSO6PQ/m/n3myN.0;server=akswtt11300000i;cloudType=Consumer;environment=Prod_francecentral_prod-s01-062-eur-francecentral;migrationStage=NotStarted}
{"logTime": "0403/105805", "correlationVector":"xtSdFO/CtIimes+u1MuQh+","action":"Initial GetUpdates", "result":"", "context":Reason: NEWLY_SUPPORTED_DATATYPE. cV=xtSdFO/CtIimes+u1MuQh+}
{"logTime": "0403/105805", "correlationVector":"xtSdFO/CtIimes+u1MuQh+.1","action":"SyncServerConnectionManagerRequest", "result":"SYNC_SERVER_OK", "context":{"environment":"Prod_francecentral_prod-s01-062-eur-francecentral", "migrationStage":"NotStarted", "server":"akswtt11300000n"}}
{"logTime": "0403/105805", "correlationVector":"xtSdFO/CtIimes+u1MuQh+.2","action":"ProcessGetUpdates", "result":"Done", "context":{"dataType":"History", "deleted":"0", "process_failed_to_decrypt":"0", "process_pending_decryption":"0", "process_success":"57", "total":"57"}}
{"logTime": "0403/105805", "correlationVector":"xtSdFO/CtIimes+u1MuQh+.3","action":"GetUpdates Response", "result":"Success", "context":Received 57 update(s). cV=xtSdFO/CtIimes+u1MuQh+.0;server=akswtt11300000n;cloudType=Consumer;environment=Prod_francecentral_prod-s01-062-eur-francecentral;migrationStage=NotStarted}
{"logTime": "0403/105805", "correlationVector":"XxixHGaAXMX2u8Bzt6MQPz","action":"Normal GetUpdate request", "result":"", "context":cV=XxixHGaAXMX2u8Bzt6MQPz
Nudged types: Sessions, Device Info, User Consents
Refresh requested types: Bookmarks, Preferences, Passwords, Autofill Profiles, Autofill, Extensions, Sessions, Extension settings, History Delete Directives, Device Info, User Consents, Send Tab To Self, Web Apps, History, Saved Tab Group, WebAuthn Credentials, Collection, Edge E Drop, Edge Hub App Usage, Edge Wallet, Edge Workspace, Encryption Keys}
{"logTime": "0403/105805", "correlationVector":"XxixHGaAXMX2u8Bzt6MQPz.1","action":"SyncServerConnectionManagerRequest", "result":"SYNC_SERVER_OK", "context":{"environment":"Prod_francecentral_prod-s01-062-eur-francecentral", "migrationStage":"NotStarted", "server":"akswtt11300000n"}}
{"logTime": "0403/105805", "correlationVector":"XxixHGaAXMX2u8Bzt6MQPz.2","action":"GetUpdates Response", "result":"Success", "context":Received 0 update(s). cV=XxixHGaAXMX2u8Bzt6MQPz.0;server=akswtt11300000n;cloudType=Consumer;environment=Prod_francecentral_prod-s01-062-eur-francecentral;migrationStage=NotStarted}
{"logTime": "0403/105805", "correlationVector":"Vu+CpmhJVTSxzwoznOHTPs","action":"DoCompareDataConsistency requsted types: ", "result":"Bookmarks, Preferences, Passwords, Extensions, Extension settings, History Delete Directives, Send Tab To Self, Web Apps, History, Saved Tab Group, WebAuthn Credentials, Collection, Edge E Drop, Edge Wallet, Edge Workspace, Encryption Keys"}
{"logTime": "0403/105805", "correlationVector":"Vu+CpmhJVTSxzwoznOHTPs.0","action":"CompareDataConsistency result: ", "result":"Compare result: Encryption Keys is consistent. local entities count is: 1 local entities hash is: cO2TAqa7ycQWK0F7QzXSKWnQwE4="}
{"logTime": "0403/105805", "correlationVector":"Vu+CpmhJVTSxzwoznOHTPs.1","action":"CompareDataConsistency result: ", "result":"Compare result: Bookmarks is consistent. local entities count is: 11 local entities hash is: 6AWsaEZxkiWTKYkNOklknjNWFVM="}
{"logTime": "0403/105805", "correlationVector":"Vu+CpmhJVTSxzwoznOHTPs.2","action":"CompareDataConsistency result: ", "result":"Compare result: Preferences is consistent. local entities count is: 79 local entities hash is: eeq0v8aCma41fnmKesZP1PzlQvw="}
{"logTime": "0403/105805", "correlationVector":"Vu+CpmhJVTSxzwoznOHTPs.3","action":"CompareDataConsistency result: ", "result":"Compare result: Extensions is consistent. local entities count is: 1 local entities hash is: qRYxg6LF7/8xv2nHISYXbuIK9ng="}
{"logTime": "0403/105805", "correlationVector":"Vu+CpmhJVTSxzwoznOHTPs.4","action":"CompareDataConsistency result: ", "result":"Compare result: Extension settings is consistent. local entities count is: 0 local entities hash is: "}
{"logTime": "0403/105805", "correlationVector":"Vu+CpmhJVTSxzwoznOHTPs.5","action":"CompareDataConsistency result: ", "result":"Compare result: History Delete Directives is consistent. local entities count is: 0 local entities hash is: "}
{"logTime": "0403/105805", "correlationVector":"Vu+CpmhJVTSxzwoznOHTPs.6","action":"CompareDataConsistency result: ", "result":"Server did not send this Send Tab To Self local entities count is: 0 local entities hash is: "}
{"logTime": "0403/105805", "correlationVector":"Vu+CpmhJVTSxzwoznOHTPs.7","action":"CompareDataConsistency result: ", "result":"Compare result: Web Apps is consistent. local entities count is: 0 local entities hash is: "}
{"logTime": "0403/105805", "correlationVector":"Vu+CpmhJVTSxzwoznOHTPs.8","action":"CompareDataConsistency result: ", "result":"Server did not send this History local entities count is: 0 local entities hash is: "}
{"logTime": "0403/105805", "correlationVector":"Vu+CpmhJVTSxzwoznOHTPs.9","action":"CompareDataConsistency result: ", "result":"Compare result: Saved Tab Group is consistent. local entities count is: 0 local entities hash is: "}
{"logTime": "0403/105805", "correlationVector":"Vu+CpmhJVTSxzwoznOHTPs.10","action":"CompareDataConsistency result: ", "result":"Server did not send this WebAuthn Credentials local entities count is: 0 local entities hash is: "}
{"logTime": "0403/105805", "correlationVector":"Vu+CpmhJVTSxzwoznOHTPs.11","action":"CompareDataConsistency result: ", "result":"Compare result: Collection is consistent. local entities count is: 0 local entities hash is: "}
{"logTime": "0403/105805", "correlationVector":"Vu+CpmhJVTSxzwoznOHTPs.12","action":"CompareDataConsistency result: ", "result":"Compare result: Edge E Drop is consistent. local entities count is: 0 local entities hash is: "}
{"logTime": "0403/105805", "correlationVector":"Vu+CpmhJVTSxzwoznOHTPs.13","action":"CompareDataConsistency result: ", "result":"Compare result: Edge Wallet is consistent. local entities count is: 0 local entities hash is: "}
{"logTime": "0403/105805", "correlationVector":"Vu+CpmhJVTSxzwoznOHTPs.14","action":"CompareDataConsistency result: ", "result":"Server did not send this Edge Workspace local entities count is: 0 local entities hash is: "}
{"logTime": "0403/105805", "correlationVector":"Vu+CpmhJVTSxzwoznOHTPs.15","action":"CompareDataConsistency result: ", "result":"Compare result: Passwords is consistent. local entities count is: 6 local entities hash is: dDGPJJr11XsXdS/02xFbry9oUcM="}
{"logTime": "0403/105805", "correlationVector":"MlsdnVU11K2gFP6XqiGl58","action":"Commit Request", "result":"", "context":Item count: 5
Contributing types: Sessions, Device Info, User Consents}
{"logTime": "0403/105806", "correlationVector":"MlsdnVU11K2gFP6XqiGl58.1","action":"SyncServerConnectionManagerRequest", "result":"SYNC_SERVER_OK", "context":{"environment":"Prod_francecentral_prod-s01-062-eur-francecentral", "migrationStage":"NotStarted", "server":"akswtt11300000d"}}
{"logTime": "0403/105806", "correlationVector":"MlsdnVU11K2gFP6XqiGl58.2","action":"Commit Response", "result":"Success", "context":Result: Success. cV=MlsdnVU11K2gFP6XqiGl58.0;server=akswtt11300000d;cloudType=Consumer;environment=Prod_francecentral_prod-s01-062-eur-francecentral;migrationStage=NotStarted}
{"logTime": "0403/105806", "correlationVector":"","action":"DIAGNOSTIC_REQUEST|v1/diagnosticData/Diagnostic.SendCheckResult()|SUCCESS", "result":""}
{"logTime": "0403/105811", "correlationVector":"8blPw/ym6QazyjS1lcMRk4","action":"Commit Request", "result":"", "context":Item count: 5
Contributing types: Preferences, Passwords, Sessions, History}
{"logTime": "0403/105811", "correlationVector":"8blPw/ym6QazyjS1lcMRk4.1","action":"SyncServerConnectionManagerRequest", "result":"SYNC_SERVER_OK", "context":{"environment":"Prod_francecentral_prod-s01-062-eur-francecentral", "migrationStage":"NotStarted", "server":"akswtt11300000d"}}
{"logTime": "0403/105811", "correlationVector":"8blPw/ym6QazyjS1lcMRk4.2","action":"Commit Response", "result":"Success", "context":Result: Success. cV=8blPw/ym6QazyjS1lcMRk4.0;server=akswtt11300000d;cloudType=Consumer;environment=Prod_francecentral_prod-s01-062-eur-francecentral;migrationStage=NotStarted}
{"logTime": "0403/105853", "correlationVector":"H6uXPMPYgBCZCAl1DEs1wZ","action":"Commit Request", "result":"", "context":Item count: 4
Contributing types: Passwords, Sessions, History}
{"logTime": "0403/105854", "correlationVector":"H6uXPMPYgBCZCAl1DEs1wZ.1","action":"SyncServerConnectionManagerRequest", "result":"SYNC_SERVER_OK", "context":{"environment":"Prod_francecentral_prod-s01-062-eur-francecentral", "migrationStage":"NotStarted", "server":"akswtt113000016"}}
{"logTime": "0403/105854", "correlationVector":"H6uXPMPYgBCZCAl1DEs1wZ.2","action":"Commit Response", "result":"Success", "context":Result: Success. cV=H6uXPMPYgBCZCAl1DEs1wZ.0;server=akswtt113000016;cloudType=Consumer;environment=Prod_francecentral_prod-s01-062-eur-francecentral;migrationStage=NotStarted}
{"logTime": "0403/110023", "correlationVector":"NPgRzh1hLwMUMUZdDXzwr+","action":"Commit Request", "result":"", "context":Item count: 5
Contributing types: Sessions, History}
{"logTime": "0403/110023", "correlationVector":"NPgRzh1hLwMUMUZdDXzwr+.1","action":"SyncServerConnectionManagerRequest", "result":"SYNC_SERVER_OK", "context":{"environment":"Prod_francecentral_prod-s01-062-eur-francecentral", "migrationStage":"NotStarted", "server":"akswtt113000006"}}
{"logTime": "0403/110023", "correlationVector":"NPgRzh1hLwMUMUZdDXzwr+.2","action":"Commit Response", "result":"Success", "context":Result: Success. cV=NPgRzh1hLwMUMUZdDXzwr+.0;server=akswtt113000006;cloudType=Consumer;environment=Prod_francecentral_prod-s01-062-eur-francecentral;migrationStage=NotStarted}
